<?xml version="1.0" encoding="UTF-8"?>
<testsuite xmlns:xsi="http://www.w3.org/2001/XMLSchema-instance" xsi:noNamespaceSchemaLocation="https://maven.apache.org/surefire/maven-surefire-plugin/xsd/surefire-test-report.xsd" name="TestSuite" time="2.856" tests="8" errors="0" skipped="0" failures="0">
  <properties>
    <property name="gopherProxySet" value="false"/>
    <property name="awt.toolkit" value="sun.lwawt.macosx.LWCToolkit"/>
    <property name="file.encoding.pkg" value="sun.io"/>
    <property name="java.specification.version" value="1.8"/>
    <property name="sun.cpu.isalist" value=""/>
    <property name="sun.jnu.encoding" value="UTF-8"/>
    <property name="java.class.path" value="/Users/kled/git/test/springboottest/target/test-classes:/Users/kled/git/test/springboottest/target/classes:/Users/kled/.m2/repository/org/springframework/boot/spring-boot-starter/2.2.4.RELEASE/spring-boot-starter-2.2.4.RELEASE.jar:/Users/kled/.m2/repository/org/springframework/boot/spring-boot/2.2.4.RELEASE/spring-boot-2.2.4.RELEASE.jar:/Users/kled/.m2/repository/org/springframework/spring-context/5.2.3.RELEASE/spring-context-5.2.3.RELEASE.jar:/Users/kled/.m2/repository/org/springframework/boot/spring-boot-autoconfigure/2.2.4.RELEASE/spring-boot-autoconfigure-2.2.4.RELEASE.jar:/Users/kled/.m2/repository/org/springframework/boot/spring-boot-starter-logging/2.2.4.RELEASE/spring-boot-starter-logging-2.2.4.RELEASE.jar:/Users/kled/.m2/repository/ch/qos/logback/logback-classic/1.2.3/logback-classic-1.2.3.jar:/Users/kled/.m2/repository/ch/qos/logback/logback-core/1.2.3/logback-core-1.2.3.jar:/Users/kled/.m2/repository/org/apache/logging/log4j/log4j-to-slf4j/2.12.1/log4j-to-slf4j-2.12.1.jar:/Users/kled/.m2/repository/org/apache/logging/log4j/log4j-api/2.12.1/log4j-api-2.12.1.jar:/Users/kled/.m2/repository/org/slf4j/jul-to-slf4j/1.7.30/jul-to-slf4j-1.7.30.jar:/Users/kled/.m2/repository/jakarta/annotation/jakarta.annotation-api/1.3.5/jakarta.annotation-api-1.3.5.jar:/Users/kled/.m2/repository/org/springframework/spring-core/5.2.3.RELEASE/spring-core-5.2.3.RELEASE.jar:/Users/kled/.m2/repository/org/yaml/snakeyaml/1.25/snakeyaml-1.25.jar:/Users/kled/.m2/repository/org/springframework/boot/spring-boot-starter-web/2.2.4.RELEASE/spring-boot-starter-web-2.2.4.RELEASE.jar:/Users/kled/.m2/repository/org/springframework/boot/spring-boot-starter-json/2.2.4.RELEASE/spring-boot-starter-json-2.2.4.RELEASE.jar:/Users/kled/.m2/repository/com/fasterxml/jackson/datatype/jackson-datatype-jdk8/2.10.2/jackson-datatype-jdk8-2.10.2.jar:/Users/kled/.m2/repository/com/fasterxml/jackson/datatype/jackson-datatype-jsr310/2.10.2/jackson-datatype-jsr310-2.10.2.jar:/Users/kled/.m2/repository/com/fasterxml/jackson/module/jackson-module-parameter-names/2.10.2/jackson-module-parameter-names-2.10.2.jar:/Users/kled/.m2/repository/org/springframework/boot/spring-boot-starter-tomcat/2.2.4.RELEASE/spring-boot-starter-tomcat-2.2.4.RELEASE.jar:/Users/kled/.m2/repository/org/apache/tomcat/embed/tomcat-embed-core/9.0.30/tomcat-embed-core-9.0.30.jar:/Users/kled/.m2/repository/org/apache/tomcat/embed/tomcat-embed-el/9.0.30/tomcat-embed-el-9.0.30.jar:/Users/kled/.m2/repository/org/apache/tomcat/embed/tomcat-embed-websocket/9.0.30/tomcat-embed-websocket-9.0.30.jar:/Users/kled/.m2/repository/org/springframework/boot/spring-boot-starter-validation/2.2.4.RELEASE/spring-boot-starter-validation-2.2.4.RELEASE.jar:/Users/kled/.m2/repository/jakarta/validation/jakarta.validation-api/2.0.2/jakarta.validation-api-2.0.2.jar:/Users/kled/.m2/repository/org/hibernate/validator/hibernate-validator/6.0.18.Final/hibernate-validator-6.0.18.Final.jar:/Users/kled/.m2/repository/org/jboss/logging/jboss-logging/3.4.1.Final/jboss-logging-3.4.1.Final.jar:/Users/kled/.m2/repository/com/fasterxml/classmate/1.5.1/classmate-1.5.1.jar:/Users/kled/.m2/repository/org/springframework/spring-web/5.2.3.RELEASE/spring-web-5.2.3.RELEASE.jar:/Users/kled/.m2/repository/org/springframework/spring-beans/5.2.3.RELEASE/spring-beans-5.2.3.RELEASE.jar:/Users/kled/.m2/repository/org/springframework/spring-webmvc/5.2.3.RELEASE/spring-webmvc-5.2.3.RELEASE.jar:/Users/kled/.m2/repository/org/springframework/spring-expression/5.2.3.RELEASE/spring-expression-5.2.3.RELEASE.jar:/Users/kled/.m2/repository/org/springframework/boot/spring-boot-starter-aop/2.2.4.RELEASE/spring-boot-starter-aop-2.2.4.RELEASE.jar:/Users/kled/.m2/repository/org/springframework/spring-aop/5.2.3.RELEASE/spring-aop-5.2.3.RELEASE.jar:/Users/kled/.m2/repository/org/aspectj/aspectjweaver/1.9.5/aspectjweaver-1.9.5.jar:/Users/kled/.m2/repository/org/springframework/boot/spring-boot-starter-test/2.2.4.RELEASE/spring-boot-starter-test-2.2.4.RELEASE.jar:/Users/kled/.m2/repository/org/springframework/boot/spring-boot-test/2.2.4.RELEASE/spring-boot-test-2.2.4.RELEASE.jar:/Users/kled/.m2/repository/org/springframework/boot/spring-boot-test-autoconfigure/2.2.4.RELEASE/spring-boot-test-autoconfigure-2.2.4.RELEASE.jar:/Users/kled/.m2/repository/com/jayway/jsonpath/json-path/2.4.0/json-path-2.4.0.jar:/Users/kled/.m2/repository/net/minidev/json-smart/2.3/json-smart-2.3.jar:/Users/kled/.m2/repository/net/minidev/accessors-smart/1.2/accessors-smart-1.2.jar:/Users/kled/.m2/repository/org/ow2/asm/asm/5.0.4/asm-5.0.4.jar:/Users/kled/.m2/repository/jakarta/xml/bind/jakarta.xml.bind-api/2.3.2/jakarta.xml.bind-api-2.3.2.jar:/Users/kled/.m2/repository/jakarta/activation/jakarta.activation-api/1.2.1/jakarta.activation-api-1.2.1.jar:/Users/kled/.m2/repository/org/junit/jupiter/junit-jupiter/5.5.2/junit-jupiter-5.5.2.jar:/Users/kled/.m2/repository/org/junit/jupiter/junit-jupiter-api/5.5.2/junit-jupiter-api-5.5.2.jar:/Users/kled/.m2/repository/org/opentest4j/opentest4j/1.2.0/opentest4j-1.2.0.jar:/Users/kled/.m2/repository/org/junit/platform/junit-platform-commons/1.5.2/junit-platform-commons-1.5.2.jar:/Users/kled/.m2/repository/org/junit/jupiter/junit-jupiter-params/5.5.2/junit-jupiter-params-5.5.2.jar:/Users/kled/.m2/repository/org/junit/jupiter/junit-jupiter-engine/5.5.2/junit-jupiter-engine-5.5.2.jar:/Users/kled/.m2/repository/org/junit/vintage/junit-vintage-engine/5.5.2/junit-vintage-engine-5.5.2.jar:/Users/kled/.m2/repository/org/apiguardian/apiguardian-api/1.1.0/apiguardian-api-1.1.0.jar:/Users/kled/.m2/repository/org/junit/platform/junit-platform-engine/1.5.2/junit-platform-engine-1.5.2.jar:/Users/kled/.m2/repository/junit/junit/4.12/junit-4.12.jar:/Users/kled/.m2/repository/org/mockito/mockito-junit-jupiter/3.1.0/mockito-junit-jupiter-3.1.0.jar:/Users/kled/.m2/repository/org/assertj/assertj-core/3.13.2/assertj-core-3.13.2.jar:/Users/kled/.m2/repository/org/hamcrest/hamcrest/2.1/hamcrest-2.1.jar:/Users/kled/.m2/repository/org/mockito/mockito-core/3.1.0/mockito-core-3.1.0.jar:/Users/kled/.m2/repository/net/bytebuddy/byte-buddy/1.10.6/byte-buddy-1.10.6.jar:/Users/kled/.m2/repository/net/bytebuddy/byte-buddy-agent/1.10.6/byte-buddy-agent-1.10.6.jar:/Users/kled/.m2/repository/org/objenesis/objenesis/2.6/objenesis-2.6.jar:/Users/kled/.m2/repository/org/skyscreamer/jsonassert/1.5.0/jsonassert-1.5.0.jar:/Users/kled/.m2/repository/com/vaadin/external/google/android-json/0.0.20131108.vaadin1/android-json-0.0.20131108.vaadin1.jar:/Users/kled/.m2/repository/org/springframework/spring-test/5.2.3.RELEASE/spring-test-5.2.3.RELEASE.jar:/Users/kled/.m2/repository/org/xmlunit/xmlunit-core/2.6.3/xmlunit-core-2.6.3.jar:/Users/kled/.m2/repository/org/quartz-scheduler/quartz/2.2.1/quartz-2.2.1.jar:/Users/kled/.m2/repository/c3p0/c3p0/0.9.1.1/c3p0-0.9.1.1.jar:/Users/kled/.m2/repository/org/slf4j/slf4j-api/1.7.30/slf4j-api-1.7.30.jar:/Users/kled/.m2/repository/org/testng/testng/6.10/testng-6.10.jar:/Users/kled/.m2/repository/com/beust/jcommander/1.48/jcommander-1.48.jar:/Users/kled/.m2/repository/org/apache/curator/curator-framework/2.12.0/curator-framework-2.12.0.jar:/Users/kled/.m2/repository/org/apache/curator/curator-client/2.12.0/curator-client-2.12.0.jar:/Users/kled/.m2/repository/org/apache/zookeeper/zookeeper/3.4.8/zookeeper-3.4.8.jar:/Users/kled/.m2/repository/log4j/log4j/1.2.16/log4j-1.2.16.jar:/Users/kled/.m2/repository/jline/jline/0.9.94/jline-0.9.94.jar:/Users/kled/.m2/repository/io/netty/netty/3.7.0.Final/netty-3.7.0.Final.jar:/Users/kled/.m2/repository/org/apache/curator/curator-recipes/2.12.0/curator-recipes-2.12.0.jar:/Users/kled/.m2/repository/org/apache/commons/commons-lang3/3.7/commons-lang3-3.7.jar:/Users/kled/.m2/repository/com/fabric4cloud/oxygen/oxygen-common/1.0.2/oxygen-common-1.0.2.jar:/Users/kled/.m2/repository/org/mybatis/mybatis/3.4.0/mybatis-3.4.0.jar:/Users/kled/.m2/repository/org/javatuples/javatuples/1.2/javatuples-1.2.jar:/Users/kled/.m2/repository/commons-io/commons-io/2.5/commons-io-2.5.jar:/Users/kled/.m2/repository/com/aliyun/aliyun-java-sdk-core/4.4.2/aliyun-java-sdk-core-4.4.2.jar:/Users/kled/.m2/repository/com/google/code/gson/gson/2.8.6/gson-2.8.6.jar:/Users/kled/.m2/repository/org/apache/httpcomponents/httpclient/4.5.10/httpclient-4.5.10.jar:/Users/kled/.m2/repository/org/apache/httpcomponents/httpcore/4.4.13/httpcore-4.4.13.jar:/Users/kled/.m2/repository/commons-logging/commons-logging/1.2/commons-logging-1.2.jar:/Users/kled/.m2/repository/javax/xml/bind/jaxb-api/2.3.1/jaxb-api-2.3.1.jar:/Users/kled/.m2/repository/javax/activation/javax.activation-api/1.2.0/javax.activation-api-1.2.0.jar:/Users/kled/.m2/repository/org/jacoco/org.jacoco.agent/0.8.3/org.jacoco.agent-0.8.3-runtime.jar:/Users/kled/.m2/repository/org/ini4j/ini4j/0.5.4/ini4j-0.5.4.jar:/Users/kled/.m2/repository/com/github/qcloudsms/qcloudsms/1.0.6/qcloudsms-1.0.6.jar:/Users/kled/.m2/repository/org/json/json/20170516/json-20170516.jar:/Users/kled/.m2/repository/org/apache/httpcomponents/httpmime/4.5.10/httpmime-4.5.10.jar:/Users/kled/.m2/repository/commons-codec/commons-codec/1.13/commons-codec-1.13.jar:/Users/kled/.m2/repository/com/alibaba/fastjson/1.2.58/fastjson-1.2.58.jar:/Users/kled/.m2/repository/org/apache/commons/commons-collections4/4.4/commons-collections4-4.4.jar:/Users/kled/.m2/repository/org/springframework/boot/spring-boot-starter-mail/2.2.4.RELEASE/spring-boot-starter-mail-2.2.4.RELEASE.jar:/Users/kled/.m2/repository/org/springframework/spring-context-support/5.2.3.RELEASE/spring-context-support-5.2.3.RELEASE.jar:/Users/kled/.m2/repository/com/sun/mail/jakarta.mail/1.6.4/jakarta.mail-1.6.4.jar:/Users/kled/.m2/repository/com/sun/activation/jakarta.activation/1.2.1/jakarta.activation-1.2.1.jar:/Users/kled/.m2/repository/com/sun/messaging/mq/fscontext/4.6-b01/fscontext-4.6-b01.jar:/Users/kled/.m2/repository/org/springframework/boot/spring-boot-starter-websocket/2.2.4.RELEASE/spring-boot-starter-websocket-2.2.4.RELEASE.jar:/Users/kled/.m2/repository/org/springframework/spring-messaging/5.2.3.RELEASE/spring-messaging-5.2.3.RELEASE.jar:/Users/kled/.m2/repository/org/springframework/spring-websocket/5.2.3.RELEASE/spring-websocket-5.2.3.RELEASE.jar:/Users/kled/.m2/repository/org/springframework/boot/spring-boot-starter-thymeleaf/2.2.4.RELEASE/spring-boot-starter-thymeleaf-2.2.4.RELEASE.jar:/Users/kled/.m2/repository/org/thymeleaf/thymeleaf-spring5/3.0.11.RELEASE/thymeleaf-spring5-3.0.11.RELEASE.jar:/Users/kled/.m2/repository/org/thymeleaf/thymeleaf/3.0.11.RELEASE/thymeleaf-3.0.11.RELEASE.jar:/Users/kled/.m2/repository/org/attoparser/attoparser/2.0.5.RELEASE/attoparser-2.0.5.RELEASE.jar:/Users/kled/.m2/repository/org/unbescape/unbescape/1.1.6.RELEASE/unbescape-1.1.6.RELEASE.jar:/Users/kled/.m2/repository/org/thymeleaf/extras/thymeleaf-extras-java8time/3.0.4.RELEASE/thymeleaf-extras-java8time-3.0.4.RELEASE.jar:/Users/kled/.m2/repository/io/minio/minio/7.0.2/minio-7.0.2.jar:/Users/kled/.m2/repository/org/simpleframework/simple-xml/2.7.1/simple-xml-2.7.1.jar:/Users/kled/.m2/repository/stax/stax-api/1.0.1/stax-api-1.0.1.jar:/Users/kled/.m2/repository/stax/stax/1.2.0/stax-1.2.0.jar:/Users/kled/.m2/repository/xpp3/xpp3/1.1.3.3/xpp3-1.1.3.3.jar:/Users/kled/.m2/repository/com/google/guava/guava/25.1-jre/guava-25.1-jre.jar:/Users/kled/.m2/repository/org/checkerframework/checker-qual/2.0.0/checker-qual-2.0.0.jar:/Users/kled/.m2/repository/com/google/errorprone/error_prone_annotations/2.1.3/error_prone_annotations-2.1.3.jar:/Users/kled/.m2/repository/com/google/j2objc/j2objc-annotations/1.1/j2objc-annotations-1.1.jar:/Users/kled/.m2/repository/org/codehaus/mojo/animal-sniffer-annotations/1.14/animal-sniffer-annotations-1.14.jar:/Users/kled/.m2/repository/com/squareup/okhttp3/okhttp/3.14.6/okhttp-3.14.6.jar:/Users/kled/.m2/repository/com/squareup/okio/okio/1.17.2/okio-1.17.2.jar:/Users/kled/.m2/repository/com/fasterxml/jackson/core/jackson-annotations/2.10.2/jackson-annotations-2.10.2.jar:/Users/kled/.m2/repository/com/fasterxml/jackson/core/jackson-core/2.10.2/jackson-core-2.10.2.jar:/Users/kled/.m2/repository/com/fasterxml/jackson/core/jackson-databind/2.10.2/jackson-databind-2.10.2.jar:/Users/kled/.m2/repository/com/github/spotbugs/spotbugs-annotations/4.0.0/spotbugs-annotations-4.0.0.jar:/Users/kled/.m2/repository/net/jcip/jcip-annotations/1.0/jcip-annotations-1.0.jar:/Users/kled/.m2/repository/com/google/code/findbugs/jsr305/3.0.2/jsr305-3.0.2.jar:/Users/kled/.m2/repository/org/springframework/session/spring-session-core/2.2.0.RELEASE/spring-session-core-2.2.0.RELEASE.jar:/Users/kled/.m2/repository/org/springframework/spring-jcl/5.2.3.RELEASE/spring-jcl-5.2.3.RELEASE.jar:/Users/kled/.m2/repository/org/apache/poi/poi-ooxml/3.9/poi-ooxml-3.9.jar:/Users/kled/.m2/repository/org/apache/poi/poi/3.9/poi-3.9.jar:/Users/kled/.m2/repository/org/apache/poi/poi-ooxml-schemas/3.9/poi-ooxml-schemas-3.9.jar:/Users/kled/.m2/repository/org/apache/xmlbeans/xmlbeans/2.3.0/xmlbeans-2.3.0.jar:/Users/kled/.m2/repository/dom4j/dom4j/1.6.1/dom4j-1.6.1.jar:/Users/kled/.m2/repository/xml-apis/xml-apis/1.0.b2/xml-apis-1.0.b2.jar:"/>
    <property name="java.vm.vendor" value="Oracle Corporation"/>
    <property name="sun.arch.data.model" value="64"/>
    <property name="java.vendor.url" value="http://java.oracle.com/"/>
    <property name="user.timezone" value=""/>
    <property name="java.vm.specification.version" value="1.8"/>
    <property name="os.name" value="Mac OS X"/>
    <property name="user.country" value="CN"/>
    <property name="sun.java.launcher" value="SUN_STANDARD"/>
    <property name="sun.boot.library.path" value="/Library/Java/JavaVirtualMachines/jdk1.8.0_91.jdk/Contents/Home/jre/lib"/>
    <property name="sun.java.command" value="/Users/kled/git/test/springboottest/target/surefire/surefirebooter6261501054051267333.jar /Users/kled/git/test/springboottest/target/surefire 2020-11-16T10-21-11_606-jvmRun1 surefire2240045460050946453tmp surefire_02649939905733282651tmp"/>
    <property name="surefire.test.class.path" value="/Users/kled/git/test/springboottest/target/test-classes:/Users/kled/git/test/springboottest/target/classes:/Users/kled/.m2/repository/org/springframework/boot/spring-boot-starter/2.2.4.RELEASE/spring-boot-starter-2.2.4.RELEASE.jar:/Users/kled/.m2/repository/org/springframework/boot/spring-boot/2.2.4.RELEASE/spring-boot-2.2.4.RELEASE.jar:/Users/kled/.m2/repository/org/springframework/spring-context/5.2.3.RELEASE/spring-context-5.2.3.RELEASE.jar:/Users/kled/.m2/repository/org/springframework/boot/spring-boot-autoconfigure/2.2.4.RELEASE/spring-boot-autoconfigure-2.2.4.RELEASE.jar:/Users/kled/.m2/repository/org/springframework/boot/spring-boot-starter-logging/2.2.4.RELEASE/spring-boot-starter-logging-2.2.4.RELEASE.jar:/Users/kled/.m2/repository/ch/qos/logback/logback-classic/1.2.3/logback-classic-1.2.3.jar:/Users/kled/.m2/repository/ch/qos/logback/logback-core/1.2.3/logback-core-1.2.3.jar:/Users/kled/.m2/repository/org/apache/logging/log4j/log4j-to-slf4j/2.12.1/log4j-to-slf4j-2.12.1.jar:/Users/kled/.m2/repository/org/apache/logging/log4j/log4j-api/2.12.1/log4j-api-2.12.1.jar:/Users/kled/.m2/repository/org/slf4j/jul-to-slf4j/1.7.30/jul-to-slf4j-1.7.30.jar:/Users/kled/.m2/repository/jakarta/annotation/jakarta.annotation-api/1.3.5/jakarta.annotation-api-1.3.5.jar:/Users/kled/.m2/repository/org/springframework/spring-core/5.2.3.RELEASE/spring-core-5.2.3.RELEASE.jar:/Users/kled/.m2/repository/org/yaml/snakeyaml/1.25/snakeyaml-1.25.jar:/Users/kled/.m2/repository/org/springframework/boot/spring-boot-starter-web/2.2.4.RELEASE/spring-boot-starter-web-2.2.4.RELEASE.jar:/Users/kled/.m2/repository/org/springframework/boot/spring-boot-starter-json/2.2.4.RELEASE/spring-boot-starter-json-2.2.4.RELEASE.jar:/Users/kled/.m2/repository/com/fasterxml/jackson/datatype/jackson-datatype-jdk8/2.10.2/jackson-datatype-jdk8-2.10.2.jar:/Users/kled/.m2/repository/com/fasterxml/jackson/datatype/jackson-datatype-jsr310/2.10.2/jackson-datatype-jsr310-2.10.2.jar:/Users/kled/.m2/repository/com/fasterxml/jackson/module/jackson-module-parameter-names/2.10.2/jackson-module-parameter-names-2.10.2.jar:/Users/kled/.m2/repository/org/springframework/boot/spring-boot-starter-tomcat/2.2.4.RELEASE/spring-boot-starter-tomcat-2.2.4.RELEASE.jar:/Users/kled/.m2/repository/org/apache/tomcat/embed/tomcat-embed-core/9.0.30/tomcat-embed-core-9.0.30.jar:/Users/kled/.m2/repository/org/apache/tomcat/embed/tomcat-embed-el/9.0.30/tomcat-embed-el-9.0.30.jar:/Users/kled/.m2/repository/org/apache/tomcat/embed/tomcat-embed-websocket/9.0.30/tomcat-embed-websocket-9.0.30.jar:/Users/kled/.m2/repository/org/springframework/boot/spring-boot-starter-validation/2.2.4.RELEASE/spring-boot-starter-validation-2.2.4.RELEASE.jar:/Users/kled/.m2/repository/jakarta/validation/jakarta.validation-api/2.0.2/jakarta.validation-api-2.0.2.jar:/Users/kled/.m2/repository/org/hibernate/validator/hibernate-validator/6.0.18.Final/hibernate-validator-6.0.18.Final.jar:/Users/kled/.m2/repository/org/jboss/logging/jboss-logging/3.4.1.Final/jboss-logging-3.4.1.Final.jar:/Users/kled/.m2/repository/com/fasterxml/classmate/1.5.1/classmate-1.5.1.jar:/Users/kled/.m2/repository/org/springframework/spring-web/5.2.3.RELEASE/spring-web-5.2.3.RELEASE.jar:/Users/kled/.m2/repository/org/springframework/spring-beans/5.2.3.RELEASE/spring-beans-5.2.3.RELEASE.jar:/Users/kled/.m2/repository/org/springframework/spring-webmvc/5.2.3.RELEASE/spring-webmvc-5.2.3.RELEASE.jar:/Users/kled/.m2/repository/org/springframework/spring-expression/5.2.3.RELEASE/spring-expression-5.2.3.RELEASE.jar:/Users/kled/.m2/repository/org/springframework/boot/spring-boot-starter-aop/2.2.4.RELEASE/spring-boot-starter-aop-2.2.4.RELEASE.jar:/Users/kled/.m2/repository/org/springframework/spring-aop/5.2.3.RELEASE/spring-aop-5.2.3.RELEASE.jar:/Users/kled/.m2/repository/org/aspectj/aspectjweaver/1.9.5/aspectjweaver-1.9.5.jar:/Users/kled/.m2/repository/org/springframework/boot/spring-boot-starter-test/2.2.4.RELEASE/spring-boot-starter-test-2.2.4.RELEASE.jar:/Users/kled/.m2/repository/org/springframework/boot/spring-boot-test/2.2.4.RELEASE/spring-boot-test-2.2.4.RELEASE.jar:/Users/kled/.m2/repository/org/springframework/boot/spring-boot-test-autoconfigure/2.2.4.RELEASE/spring-boot-test-autoconfigure-2.2.4.RELEASE.jar:/Users/kled/.m2/repository/com/jayway/jsonpath/json-path/2.4.0/json-path-2.4.0.jar:/Users/kled/.m2/repository/net/minidev/json-smart/2.3/json-smart-2.3.jar:/Users/kled/.m2/repository/net/minidev/accessors-smart/1.2/accessors-smart-1.2.jar:/Users/kled/.m2/repository/org/ow2/asm/asm/5.0.4/asm-5.0.4.jar:/Users/kled/.m2/repository/jakarta/xml/bind/jakarta.xml.bind-api/2.3.2/jakarta.xml.bind-api-2.3.2.jar:/Users/kled/.m2/repository/jakarta/activation/jakarta.activation-api/1.2.1/jakarta.activation-api-1.2.1.jar:/Users/kled/.m2/repository/org/junit/jupiter/junit-jupiter/5.5.2/junit-jupiter-5.5.2.jar:/Users/kled/.m2/repository/org/junit/jupiter/junit-jupiter-api/5.5.2/junit-jupiter-api-5.5.2.jar:/Users/kled/.m2/repository/org/opentest4j/opentest4j/1.2.0/opentest4j-1.2.0.jar:/Users/kled/.m2/repository/org/junit/platform/junit-platform-commons/1.5.2/junit-platform-commons-1.5.2.jar:/Users/kled/.m2/repository/org/junit/jupiter/junit-jupiter-params/5.5.2/junit-jupiter-params-5.5.2.jar:/Users/kled/.m2/repository/org/junit/jupiter/junit-jupiter-engine/5.5.2/junit-jupiter-engine-5.5.2.jar:/Users/kled/.m2/repository/org/junit/vintage/junit-vintage-engine/5.5.2/junit-vintage-engine-5.5.2.jar:/Users/kled/.m2/repository/org/apiguardian/apiguardian-api/1.1.0/apiguardian-api-1.1.0.jar:/Users/kled/.m2/repository/org/junit/platform/junit-platform-engine/1.5.2/junit-platform-engine-1.5.2.jar:/Users/kled/.m2/repository/junit/junit/4.12/junit-4.12.jar:/Users/kled/.m2/repository/org/mockito/mockito-junit-jupiter/3.1.0/mockito-junit-jupiter-3.1.0.jar:/Users/kled/.m2/repository/org/assertj/assertj-core/3.13.2/assertj-core-3.13.2.jar:/Users/kled/.m2/repository/org/hamcrest/hamcrest/2.1/hamcrest-2.1.jar:/Users/kled/.m2/repository/org/mockito/mockito-core/3.1.0/mockito-core-3.1.0.jar:/Users/kled/.m2/repository/net/bytebuddy/byte-buddy/1.10.6/byte-buddy-1.10.6.jar:/Users/kled/.m2/repository/net/bytebuddy/byte-buddy-agent/1.10.6/byte-buddy-agent-1.10.6.jar:/Users/kled/.m2/repository/org/objenesis/objenesis/2.6/objenesis-2.6.jar:/Users/kled/.m2/repository/org/skyscreamer/jsonassert/1.5.0/jsonassert-1.5.0.jar:/Users/kled/.m2/repository/com/vaadin/external/google/android-json/0.0.20131108.vaadin1/android-json-0.0.20131108.vaadin1.jar:/Users/kled/.m2/repository/org/springframework/spring-test/5.2.3.RELEASE/spring-test-5.2.3.RELEASE.jar:/Users/kled/.m2/repository/org/xmlunit/xmlunit-core/2.6.3/xmlunit-core-2.6.3.jar:/Users/kled/.m2/repository/org/quartz-scheduler/quartz/2.2.1/quartz-2.2.1.jar:/Users/kled/.m2/repository/c3p0/c3p0/0.9.1.1/c3p0-0.9.1.1.jar:/Users/kled/.m2/repository/org/slf4j/slf4j-api/1.7.30/slf4j-api-1.7.30.jar:/Users/kled/.m2/repository/org/testng/testng/6.10/testng-6.10.jar:/Users/kled/.m2/repository/com/beust/jcommander/1.48/jcommander-1.48.jar:/Users/kled/.m2/repository/org/apache/curator/curator-framework/2.12.0/curator-framework-2.12.0.jar:/Users/kled/.m2/repository/org/apache/curator/curator-client/2.12.0/curator-client-2.12.0.jar:/Users/kled/.m2/repository/org/apache/zookeeper/zookeeper/3.4.8/zookeeper-3.4.8.jar:/Users/kled/.m2/repository/log4j/log4j/1.2.16/log4j-1.2.16.jar:/Users/kled/.m2/repository/jline/jline/0.9.94/jline-0.9.94.jar:/Users/kled/.m2/repository/io/netty/netty/3.7.0.Final/netty-3.7.0.Final.jar:/Users/kled/.m2/repository/org/apache/curator/curator-recipes/2.12.0/curator-recipes-2.12.0.jar:/Users/kled/.m2/repository/org/apache/commons/commons-lang3/3.7/commons-lang3-3.7.jar:/Users/kled/.m2/repository/com/fabric4cloud/oxygen/oxygen-common/1.0.2/oxygen-common-1.0.2.jar:/Users/kled/.m2/repository/org/mybatis/mybatis/3.4.0/mybatis-3.4.0.jar:/Users/kled/.m2/repository/org/javatuples/javatuples/1.2/javatuples-1.2.jar:/Users/kled/.m2/repository/commons-io/commons-io/2.5/commons-io-2.5.jar:/Users/kled/.m2/repository/com/aliyun/aliyun-java-sdk-core/4.4.2/aliyun-java-sdk-core-4.4.2.jar:/Users/kled/.m2/repository/com/google/code/gson/gson/2.8.6/gson-2.8.6.jar:/Users/kled/.m2/repository/org/apache/httpcomponents/httpclient/4.5.10/httpclient-4.5.10.jar:/Users/kled/.m2/repository/org/apache/httpcomponents/httpcore/4.4.13/httpcore-4.4.13.jar:/Users/kled/.m2/repository/commons-logging/commons-logging/1.2/commons-logging-1.2.jar:/Users/kled/.m2/repository/javax/xml/bind/jaxb-api/2.3.1/jaxb-api-2.3.1.jar:/Users/kled/.m2/repository/javax/activation/javax.activation-api/1.2.0/javax.activation-api-1.2.0.jar:/Users/kled/.m2/repository/org/jacoco/org.jacoco.agent/0.8.3/org.jacoco.agent-0.8.3-runtime.jar:/Users/kled/.m2/repository/org/ini4j/ini4j/0.5.4/ini4j-0.5.4.jar:/Users/kled/.m2/repository/com/github/qcloudsms/qcloudsms/1.0.6/qcloudsms-1.0.6.jar:/Users/kled/.m2/repository/org/json/json/20170516/json-20170516.jar:/Users/kled/.m2/repository/org/apache/httpcomponents/httpmime/4.5.10/httpmime-4.5.10.jar:/Users/kled/.m2/repository/commons-codec/commons-codec/1.13/commons-codec-1.13.jar:/Users/kled/.m2/repository/com/alibaba/fastjson/1.2.58/fastjson-1.2.58.jar:/Users/kled/.m2/repository/org/apache/commons/commons-collections4/4.4/commons-collections4-4.4.jar:/Users/kled/.m2/repository/org/springframework/boot/spring-boot-starter-mail/2.2.4.RELEASE/spring-boot-starter-mail-2.2.4.RELEASE.jar:/Users/kled/.m2/repository/org/springframework/spring-context-support/5.2.3.RELEASE/spring-context-support-5.2.3.RELEASE.jar:/Users/kled/.m2/repository/com/sun/mail/jakarta.mail/1.6.4/jakarta.mail-1.6.4.jar:/Users/kled/.m2/repository/com/sun/activation/jakarta.activation/1.2.1/jakarta.activation-1.2.1.jar:/Users/kled/.m2/repository/com/sun/messaging/mq/fscontext/4.6-b01/fscontext-4.6-b01.jar:/Users/kled/.m2/repository/org/springframework/boot/spring-boot-starter-websocket/2.2.4.RELEASE/spring-boot-starter-websocket-2.2.4.RELEASE.jar:/Users/kled/.m2/repository/org/springframework/spring-messaging/5.2.3.RELEASE/spring-messaging-5.2.3.RELEASE.jar:/Users/kled/.m2/repository/org/springframework/spring-websocket/5.2.3.RELEASE/spring-websocket-5.2.3.RELEASE.jar:/Users/kled/.m2/repository/org/springframework/boot/spring-boot-starter-thymeleaf/2.2.4.RELEASE/spring-boot-starter-thymeleaf-2.2.4.RELEASE.jar:/Users/kled/.m2/repository/org/thymeleaf/thymeleaf-spring5/3.0.11.RELEASE/thymeleaf-spring5-3.0.11.RELEASE.jar:/Users/kled/.m2/repository/org/thymeleaf/thymeleaf/3.0.11.RELEASE/thymeleaf-3.0.11.RELEASE.jar:/Users/kled/.m2/repository/org/attoparser/attoparser/2.0.5.RELEASE/attoparser-2.0.5.RELEASE.jar:/Users/kled/.m2/repository/org/unbescape/unbescape/1.1.6.RELEASE/unbescape-1.1.6.RELEASE.jar:/Users/kled/.m2/repository/org/thymeleaf/extras/thymeleaf-extras-java8time/3.0.4.RELEASE/thymeleaf-extras-java8time-3.0.4.RELEASE.jar:/Users/kled/.m2/repository/io/minio/minio/7.0.2/minio-7.0.2.jar:/Users/kled/.m2/repository/org/simpleframework/simple-xml/2.7.1/simple-xml-2.7.1.jar:/Users/kled/.m2/repository/stax/stax-api/1.0.1/stax-api-1.0.1.jar:/Users/kled/.m2/repository/stax/stax/1.2.0/stax-1.2.0.jar:/Users/kled/.m2/repository/xpp3/xpp3/1.1.3.3/xpp3-1.1.3.3.jar:/Users/kled/.m2/repository/com/google/guava/guava/25.1-jre/guava-25.1-jre.jar:/Users/kled/.m2/repository/org/checkerframework/checker-qual/2.0.0/checker-qual-2.0.0.jar:/Users/kled/.m2/repository/com/google/errorprone/error_prone_annotations/2.1.3/error_prone_annotations-2.1.3.jar:/Users/kled/.m2/repository/com/google/j2objc/j2objc-annotations/1.1/j2objc-annotations-1.1.jar:/Users/kled/.m2/repository/org/codehaus/mojo/animal-sniffer-annotations/1.14/animal-sniffer-annotations-1.14.jar:/Users/kled/.m2/repository/com/squareup/okhttp3/okhttp/3.14.6/okhttp-3.14.6.jar:/Users/kled/.m2/repository/com/squareup/okio/okio/1.17.2/okio-1.17.2.jar:/Users/kled/.m2/repository/com/fasterxml/jackson/core/jackson-annotations/2.10.2/jackson-annotations-2.10.2.jar:/Users/kled/.m2/repository/com/fasterxml/jackson/core/jackson-core/2.10.2/jackson-core-2.10.2.jar:/Users/kled/.m2/repository/com/fasterxml/jackson/core/jackson-databind/2.10.2/jackson-databind-2.10.2.jar:/Users/kled/.m2/repository/com/github/spotbugs/spotbugs-annotations/4.0.0/spotbugs-annotations-4.0.0.jar:/Users/kled/.m2/repository/net/jcip/jcip-annotations/1.0/jcip-annotations-1.0.jar:/Users/kled/.m2/repository/com/google/code/findbugs/jsr305/3.0.2/jsr305-3.0.2.jar:/Users/kled/.m2/repository/org/springframework/session/spring-session-core/2.2.0.RELEASE/spring-session-core-2.2.0.RELEASE.jar:/Users/kled/.m2/repository/org/springframework/spring-jcl/5.2.3.RELEASE/spring-jcl-5.2.3.RELEASE.jar:/Users/kled/.m2/repository/org/apache/poi/poi-ooxml/3.9/poi-ooxml-3.9.jar:/Users/kled/.m2/repository/org/apache/poi/poi/3.9/poi-3.9.jar:/Users/kled/.m2/repository/org/apache/poi/poi-ooxml-schemas/3.9/poi-ooxml-schemas-3.9.jar:/Users/kled/.m2/repository/org/apache/xmlbeans/xmlbeans/2.3.0/xmlbeans-2.3.0.jar:/Users/kled/.m2/repository/dom4j/dom4j/1.6.1/dom4j-1.6.1.jar:/Users/kled/.m2/repository/xml-apis/xml-apis/1.0.b2/xml-apis-1.0.b2.jar:"/>
    <property name="sun.cpu.endian" value="little"/>
    <property name="user.home" value="/Users/kled"/>
    <property name="user.language" value="zh"/>
    <property name="java.specification.vendor" value="Oracle Corporation"/>
    <property name="java.home" value="/Library/Java/JavaVirtualMachines/jdk1.8.0_91.jdk/Contents/Home/jre"/>
    <property name="basedir" value="/Users/kled/git/test/springboottest"/>
    <property name="file.separator" value="/"/>
    <property name="line.separator" value="&#10;"/>
    <property name="java.vm.specification.vendor" value="Oracle Corporation"/>
    <property name="java.specification.name" value="Java Platform API Specification"/>
    <property name="java.awt.graphicsenv" value="sun.awt.CGraphicsEnvironment"/>
    <property name="surefire.real.class.path" value="/Users/kled/git/test/springboottest/target/surefire/surefirebooter6261501054051267333.jar"/>
    <property name="sun.boot.class.path" value="/Library/Java/JavaVirtualMachines/jdk1.8.0_91.jdk/Contents/Home/jre/lib/resources.jar:/Library/Java/JavaVirtualMachines/jdk1.8.0_91.jdk/Contents/Home/jre/lib/rt.jar:/Library/Java/JavaVirtualMachines/jdk1.8.0_91.jdk/Contents/Home/jre/lib/sunrsasign.jar:/Library/Java/JavaVirtualMachines/jdk1.8.0_91.jdk/Contents/Home/jre/lib/jsse.jar:/Library/Java/JavaVirtualMachines/jdk1.8.0_91.jdk/Contents/Home/jre/lib/jce.jar:/Library/Java/JavaVirtualMachines/jdk1.8.0_91.jdk/Contents/Home/jre/lib/charsets.jar:/Library/Java/JavaVirtualMachines/jdk1.8.0_91.jdk/Contents/Home/jre/lib/jfr.jar:/Library/Java/JavaVirtualMachines/jdk1.8.0_91.jdk/Contents/Home/jre/classes"/>
    <property name="sun.management.compiler" value="HotSpot 64-Bit Tiered Compilers"/>
    <property name="java.runtime.version" value="1.8.0_91-b14"/>
    <property name="user.name" value="kled"/>
    <property name="path.separator" value=":"/>
    <property name="os.version" value="10.14.6"/>
    <property name="java.endorsed.dirs" value="/Library/Java/JavaVirtualMachines/jdk1.8.0_91.jdk/Contents/Home/jre/lib/endorsed"/>
    <property name="java.runtime.name" value="Java(TM) SE Runtime Environment"/>
    <property name="file.encoding" value="UTF-8"/>
    <property name="java.vm.name" value="Java HotSpot(TM) 64-Bit Server VM"/>
    <property name="localRepository" value="/Users/kled/.m2/repository"/>
    <property name="java.vendor.url.bug" value="http://bugreport.sun.com/bugreport/"/>
    <property name="java.io.tmpdir" value="/var/folders/fl/1zjq13mn5qv_0rgb8tm_56_w0000gn/T/"/>
    <property name="java.version" value="1.8.0_91"/>
    <property name="user.dir" value="/Users/kled/git/test/springboottest"/>
    <property name="os.arch" value="x86_64"/>
    <property name="java.vm.specification.name" value="Java Virtual Machine Specification"/>
    <property name="java.awt.printerjob" value="sun.lwawt.macosx.CPrinterJob"/>
    <property name="sun.os.patch.level" value="unknown"/>
    <property name="java.library.path" value="/Users/kled/Library/Java/Extensions:/Library/Java/Extensions:/Network/Library/Java/Extensions:/System/Library/Java/Extensions:/usr/lib/java:."/>
    <property name="java.vm.info" value="mixed mode"/>
    <property name="java.vendor" value="Oracle Corporation"/>
    <property name="java.vm.version" value="25.91-b14"/>
    <property name="java.ext.dirs" value="/Users/kled/Library/Java/Extensions:/Library/Java/JavaVirtualMachines/jdk1.8.0_91.jdk/Contents/Home/jre/lib/ext:/Library/Java/Extensions:/Network/Library/Java/Extensions:/System/Library/Java/Extensions:/usr/lib/java"/>
    <property name="sun.io.unicode.encoding" value="UnicodeBig"/>
    <property name="java.class.version" value="52.0"/>
  </properties>
  <testcase name="testBeanUtils on testBeanUtils(kled.test.SpringUtilsTest)" classname="kled.test.SpringUtilsTest" time="0.007"/>
  <testcase name="testClassUtils on testClassUtils(kled.test.SpringUtilsTest)" classname="kled.test.SpringUtilsTest" time="0"/>
  <testcase name="testBeanFactoryUtils on testBeanFactoryUtils(kled.test.SpringUtilsTest)" classname="kled.test.SpringUtilsTest" time="0.011"/>
  <testcase name="testAopUtils on testAopUtils(kled.test.SpringUtilsTest)" classname="kled.test.SpringUtilsTest" time="0.001"/>
  <testcase name="testAopProxyUtils on testAopProxyUtils(kled.test.SpringUtilsTest)" classname="kled.test.SpringUtilsTest" time="0"/>
  <testcase name="testAnnotationUtils on testAnnotationUtils(kled.test.SpringUtilsTest)" classname="kled.test.SpringUtilsTest" time="0.017"/>
  <testcase name="testContextLoads on testContextLoads(kled.test.SpringUtilsTest)" classname="kled.test.SpringUtilsTest" time="0"/>
  <testcase name="testContextLoads on testContextLoads(kled.test.SpringTestISpringBootApplicationTests)" classname="kled.test.SpringTestISpringBootApplicationTests" time="0"/>
</testsuite>