<?xml version="1.0" encoding="UTF-8"?>
<!-- Generated by org.testng.reporters.JUnitReportReporter -->
<testsuite name="kled.test.SpringUtilsTest" tests="7" time="15.564" ignored="0" failures="0" timestamp="16 十一月 2020 02:21:14 GMT" skipped="0" hostname="kledchendeMacBook-Pro.local" errors="0">
  <testcase name="testContextLoads" time="2.241" classname="kled.test.SpringUtilsTest"/>
  <testcase name="testAnnotationUtils" time="2.239" classname="kled.test.SpringUtilsTest"/>
  <testcase name="testAopUtils" time="2.222" classname="kled.test.SpringUtilsTest"/>
  <testcase name="testAopProxyUtils" time="2.223" classname="kled.test.SpringUtilsTest"/>
  <testcase name="testClassUtils" time="2.210" classname="kled.test.SpringUtilsTest"/>
  <testcase name="testBeanFactoryUtils" time="2.220" classname="kled.test.SpringUtilsTest"/>
  <testcase name="testBeanUtils" time="2.209" classname="kled.test.SpringUtilsTest"/>
</testsuite> <!-- kled.test.SpringUtilsTest -->
