<?xml version="1.0" encoding="UTF-8"?>
<!-- Generated by org.testng.reporters.JUnitReportReporter -->
<testsuite name="kled.test.SpringTestISpringBootApplicationTests" tests="1" time="0.003" ignored="0" failures="0" timestamp="16 十一月 2020 02:21:14 GMT" skipped="0" hostname="kledchendeMacBook-Pro.local" errors="0">
  <testcase name="testContextLoads" time="0.003" classname="kled.test.SpringTestISpringBootApplicationTests"/>
</testsuite> <!-- kled.test.SpringTestISpringBootApplicationTests -->
